<?xml version="1.0" encoding="UTF-8"?>
<!-- Generated by org.testng.reporters.JUnitReportReporter -->
<testsuite hostname="DESKTOP-LN74GU8" failures="0" tests="1" name="com.vtiger.comcast.organizationtest.OrganizationTest" time="39.986" errors="0" timestamp="2022-03-10T11:25:18 IST" skipped="0">
  <testcase classname="com.vtiger.comcast.organizationtest.OrganizationTest" name="CreateOrganizationTest" time="39.986"/>
  <system-out/>
</testsuite> <!-- com.vtiger.comcast.organizationtest.OrganizationTest -->
