<?xml version="1.0" encoding="UTF-8"?>
<!-- Generated by org.testng.reporters.JUnitReportReporter -->
<testsuite hostname="DESKTOP-LN74GU8" failures="0" tests="2" name="com.vtiger.comcast.contactstest.ContactTest" time="63.247" errors="0" timestamp="2022-01-24T18:22:06 IST" skipped="0">
  <testcase classname="com.vtiger.comcast.contactstest.ContactTest" name="creatContactTest" time="24.888"/>
  <system-out/>
  <testcase classname="com.vtiger.comcast.contactstest.ContactTest" name="creatContactWithOrgTest" time="38.359"/>
  <system-out/>
</testsuite> <!-- com.vtiger.comcast.contactstest.ContactTest -->
