<?xml version="1.0" encoding="UTF-8"?>
<!-- Generated by org.testng.reporters.JUnitReportReporter -->
<testsuite hostname="DESKTOP-LN74GU8" failures="0" tests="5" name="practice.BookTicket" time="0.040" errors="0" timestamp="2022-01-20T15:04:09 IST" skipped="0">
  <testcase classname="practice.BookTicket" name="bookTicketTest" time="0.002"/>
  <system-out/>
  <testcase classname="practice.BookTicket" name="bookTicketTest" time="0.008"/>
  <system-out/>
  <testcase classname="practice.BookTicket" name="bookTicketTest" time="0.003"/>
  <system-out/>
  <testcase classname="practice.BookTicket" name="bookTicketTest" time="0.024"/>
  <system-out/>
  <testcase classname="practice.BookTicket" name="bookTicketTest" time="0.003"/>
  <system-out/>
</testsuite> <!-- practice.BookTicket -->
