<?xml version="1.0" encoding="UTF-8"?>
<!-- Generated by org.testng.reporters.JUnitReportReporter -->
<testsuite hostname="DESKTOP-LN74GU8" failures="0" tests="2" name="com.vtiger.comcast.organizationtest.OrganizationTest" time="36.715" errors="0" timestamp="2022-01-22T16:24:14 IST" skipped="0">
  <testcase classname="com.vtiger.comcast.organizationtest.OrganizationTest" name="CreateOrganizationTest" time="18.714"/>
  <system-out/>
  <testcase classname="com.vtiger.comcast.organizationtest.OrganizationTest" name="CreatOrgWithIndustryTest" time="18.001"/>
  <system-out/>
</testsuite> <!-- com.vtiger.comcast.organizationtest.OrganizationTest -->
