<?xml version="1.0" encoding="UTF-8"?>
<!-- Generated by org.testng.reporters.JUnitReportReporter -->
<testsuite hostname="DESKTOP-LN74GU8" failures="0" tests="1" name="com.vtiger.comcast.contactstest.ContactTest" time="23.260" errors="0" timestamp="2022-02-01T16:16:31 IST" skipped="0">
  <testcase classname="com.vtiger.comcast.contactstest.ContactTest" name="creatContactTest" time="23.260"/>
  <system-out/>
</testsuite> <!-- com.vtiger.comcast.contactstest.ContactTest -->
