<?xml version="1.0" encoding="UTF-8"?>
<!-- Generated by org.testng.reporters.JUnitReportReporter -->
<testsuite hostname="DESKTOP-LN74GU8" failures="0" tests="1" name="practice.ProjectUnitTest" time="0.494" errors="0" timestamp="2022-01-13T10:06:54 IST" skipped="0">
  <testcase classname="practice.ProjectUnitTest" name="projectUnitTest" time="0.494"/>
  <system-out/>
</testsuite> <!-- practice.ProjectUnitTest -->
